#
# There is insufficient memory for the Java Runtime Environment to continue.
# Native memory allocation (malloc) failed to allocate 213552 bytes for Chunk::new
# Possible reasons:
#   The system is out of physical RAM or swap space
#   The process is running with CompressedOops enabled, and the Java Heap may be blocking the growth of the native heap
# Possible solutions:
#   Reduce memory load on the system
#   Increase physical memory or swap space
#   Check if swap backing store is full
#   Decrease Java heap size (-Xmx/-Xms)
#   Decrease number of Java threads
#   Decrease Java thread stack sizes (-Xss)
#   Set larger code cache with -XX:ReservedCodeCacheSize=
#   JVM is running with Unscaled Compressed Oops mode in which the Java heap is
#     placed in the first 4GB address space. The Java Heap base address is the
#     maximum limit for the native heap growth. Please use -XX:HeapBaseMinAddress
#     to set the Java Heap base and to place the Java Heap above 4GB virtual address.
# This output file may be truncated or incomplete.
#
#  Out of Memory Error (allocation.cpp:389), pid=26052, tid=0x0000000000006334
#
# JRE version: Java(TM) SE Runtime Environment (8.0_271-b09) (build 1.8.0_271-b09)
# Java VM: Java HotSpot(TM) 64-Bit Server VM (25.271-b09 mixed mode windows-amd64 compressed oops)
# Failed to write core dump. Minidumps are not enabled by default on client versions of Windows
#

---------------  T H R E A D  ---------------

Current thread (0x000002132d9c4800):  JavaThread "C2 CompilerThread2" daemon [_thread_in_native, id=25396, stack(0x000000ba7d000000,0x000000ba7d100000)]

Stack: [0x000000ba7d000000,0x000000ba7d100000]
Native frames: (J=compiled Java code, j=interpreted, Vv=VM code, C=native code)
V  [jvm.dll+0x33f6c9]
V  [jvm.dll+0x286122]
V  [jvm.dll+0x286dcd]
V  [jvm.dll+0x27d805]
V  [jvm.dll+0xe574c]
V  [jvm.dll+0xe5f4c]
V  [jvm.dll+0x49df5a]
V  [jvm.dll+0x452bf1]
V  [jvm.dll+0x44feb4]
V  [jvm.dll+0x43aef7]
V  [jvm.dll+0xbc3eb]
V  [jvm.dll+0xbaa4b]
V  [jvm.dll+0x24e7c2]
V  [jvm.dll+0x2a2dcc]
C  [ucrtbase.dll+0x21bb2]
C  [KERNEL32.DLL+0x17034]
C  [ntdll.dll+0x4d241]


Current CompileTask:
C2:   3962 2025 %     4       groovyjarjarantlr4.v4.runtime.atn.ATNConfigSet::optimizeConfigs @ 13 (58 bytes)


---------------  P R O C E S S  ---------------

Java Threads: ( => current thread )
  0x0000021333a0c800 JavaThread "Timer-2" [_thread_blocked, id=16424, stack(0x000000ba7d900000,0x000000ba7da00000)]
  0x000002133354c000 JavaThread "pool-1-thread-2" [_thread_blocked, id=24960, stack(0x000000ba7d500000,0x000000ba7d600000)]
  0x00000213308c2000 JavaThread "Timer-1" [_thread_blocked, id=8508, stack(0x000000ba7d800000,0x000000ba7d900000)]
  0x0000021317737000 JavaThread "DestroyJavaVM" [_thread_blocked, id=9908, stack(0x000000ba7be00000,0x000000ba7bf00000)]
  0x0000021330820000 JavaThread "pool-1-thread-1" [_thread_blocked, id=1944, stack(0x000000ba7d700000,0x000000ba7d800000)]
  0x00000213307b3800 JavaThread "Thread-3" [_thread_in_native, id=24876, stack(0x000000ba7d600000,0x000000ba7d700000)]
  0x00000213306be000 JavaThread "server-timer" daemon [_thread_blocked, id=22656, stack(0x000000ba7d400000,0x000000ba7d500000)]
  0x000002132febf000 JavaThread "Service Thread" daemon [_thread_blocked, id=18572, stack(0x000000ba7d200000,0x000000ba7d300000)]
  0x000002132d9c5000 JavaThread "C1 CompilerThread3" daemon [_thread_blocked, id=9204, stack(0x000000ba7d100000,0x000000ba7d200000)]
=>0x000002132d9c4800 JavaThread "C2 CompilerThread2" daemon [_thread_in_native, id=25396, stack(0x000000ba7d000000,0x000000ba7d100000)]
  0x000002132d9c0800 JavaThread "C2 CompilerThread1" daemon [_thread_in_native, id=1532, stack(0x000000ba7cf00000,0x000000ba7d000000)]
  0x000002132d9b8000 JavaThread "C2 CompilerThread0" daemon [_thread_blocked, id=21808, stack(0x000000ba7ce00000,0x000000ba7cf00000)]
  0x000002132d9b7000 JavaThread "Attach Listener" daemon [_thread_blocked, id=24352, stack(0x000000ba7cd00000,0x000000ba7ce00000)]
  0x000002132fe63000 JavaThread "Signal Dispatcher" daemon [_thread_blocked, id=20164, stack(0x000000ba7cc00000,0x000000ba7cd00000)]
  0x000002132d98d000 JavaThread "Finalizer" daemon [_thread_blocked, id=22424, stack(0x000000ba7cb00000,0x000000ba7cc00000)]
  0x000002132d986000 JavaThread "Reference Handler" daemon [_thread_blocked, id=27504, stack(0x000000ba7ca00000,0x000000ba7cb00000)]

Other Threads:
  0x000002132d95c000 VMThread [stack: 0x000000ba7c900000,0x000000ba7ca00000] [id=26788]
  0x000002132fee1800 WatcherThread [stack: 0x000000ba7d300000,0x000000ba7d400000] [id=22524]

VM state:not at safepoint (normal execution)

VM Mutex/Monitor currently owned by a thread: None

heap address: 0x0000000080000000, size: 2048 MB, Compressed Oops mode: 32-bit
Narrow klass base: 0x0000000000000000, Narrow klass shift: 3
Compressed class space size: 1073741824 Address: 0x0000000100000000

Heap:
 PSYoungGen      total 136192K, used 36666K [0x00000000d5580000, 0x00000000e3580000, 0x0000000100000000)
  eden space 125440K, 28% used [0x00000000d5580000,0x00000000d7831d08,0x00000000dd000000)
  from space 10752K, 10% used [0x00000000de000000,0x00000000de11cc50,0x00000000dea80000)
  to   space 16384K, 0% used [0x00000000dd000000,0x00000000dd000000,0x00000000de000000)
 ParOldGen       total 175104K, used 13973K [0x0000000080000000, 0x000000008ab00000, 0x00000000d5580000)
  object space 175104K, 7% used [0x0000000080000000,0x0000000080da5568,0x000000008ab00000)
 Metaspace       used 20685K, capacity 21828K, committed 21888K, reserved 1069056K
  class space    used 2577K, capacity 2891K, committed 2944K, reserved 1048576K

Card table byte_map: [0x0000021328430000,0x0000021328840000] byte_map_base: 0x0000021328030000

Marking Bits: (ParMarkBitMap*) 0x0000000053bd7fe0
 Begin Bits: [0x0000021328af0000, 0x000002132aaf0000)
 End Bits:   [0x000002132aaf0000, 0x000002132caf0000)

Polling page: 0x00000213176f0000

CodeCache: size=245760Kb used=11705Kb max_used=11724Kb free=234054Kb
 bounds [0x0000021319070000, 0x0000021319bf0000, 0x0000021328070000]
 total_blobs=3878 nmethods=3228 adapters=561
 compilation: enabled

Compilation events (10 events):
Event: 3.839 Thread 0x000002132d9c0800 nmethod 3229 0x0000021319bd9290 code [0x0000021319bd9540, 0x0000021319bda988]
Event: 3.839 Thread 0x000002132d9c0800 3234 %     4       java.util.regex.Pattern$Curly::match0 @ 61 (174 bytes)
Event: 3.839 Thread 0x000002132d9c5000 nmethod 3242 0x0000021319bd8490 code [0x0000021319bd8680, 0x0000021319bd8fb0]
Event: 3.854 Thread 0x000002132d9c0800 nmethod 3234% 0x0000021319bdef10 code [0x0000021319bdf0e0, 0x0000021319bdfed8]
Event: 3.854 Thread 0x000002132d9c0800 3230       4       org.codehaus.groovy.ast.ClassNode::getDeclaredMethodsMap (56 bytes)
Event: 3.877 Thread 0x000002132d9b8000 nmethod 3193 0x0000021319be5610 code [0x0000021319be5ae0, 0x0000021319be89b8]
Event: 3.877 Thread 0x000002132d9b8000 3241       4       org.apache.groovy.json.internal.CharBuf::shouldEscape (38 bytes)
Event: 3.878 Thread 0x000002132d9b8000 nmethod 3241 0x0000021319b2ed90 code [0x0000021319b2eec0, 0x0000021319b2ef58]
Event: 3.878 Thread 0x000002132d9b8000 3235  s    4       java.lang.StringBuffer::append (13 bytes)
Event: 3.883 Thread 0x000002132d9b8000 nmethod 3235 0x0000021319bdcd50 code [0x0000021319bdcea0, 0x0000021319bdd578]

GC Heap History (10 events):
Event: 2.374 GC heap before
{Heap before GC invocations=3 (full 0):
 PSYoungGen      total 76288K, used 76286K [0x00000000d5580000, 0x00000000dea80000, 0x0000000100000000)
  eden space 65536K, 100% used [0x00000000d5580000,0x00000000d9580000,0x00000000d9580000)
  from space 10752K, 99% used [0x00000000da000000,0x00000000daa7fb68,0x00000000daa80000)
  to   space 10752K, 0% used [0x00000000d9580000,0x00000000d9580000,0x00000000da000000)
 ParOldGen       total 175104K, used 1769K [0x0000000080000000, 0x000000008ab00000, 0x00000000d5580000)
  object space 175104K, 1% used [0x0000000080000000,0x00000000801ba760,0x000000008ab00000)
 Metaspace       used 15856K, capacity 16320K, committed 16512K, reserved 1062912K
  class space    used 1936K, capacity 2076K, committed 2176K, reserved 1048576K
Event: 2.381 GC heap after
Heap after GC invocations=3 (full 0):
 PSYoungGen      total 76288K, used 9057K [0x00000000d5580000, 0x00000000dea80000, 0x0000000100000000)
  eden space 65536K, 0% used [0x00000000d5580000,0x00000000d5580000,0x00000000d9580000)
  from space 10752K, 84% used [0x00000000d9580000,0x00000000d9e58770,0x00000000da000000)
  to   space 10752K, 0% used [0x00000000de000000,0x00000000de000000,0x00000000dea80000)
 ParOldGen       total 175104K, used 1777K [0x0000000080000000, 0x000000008ab00000, 0x00000000d5580000)
  object space 175104K, 1% used [0x0000000080000000,0x00000000801bc760,0x000000008ab00000)
 Metaspace       used 15856K, capacity 16320K, committed 16512K, reserved 1062912K
  class space    used 1936K, capacity 2076K, committed 2176K, reserved 1048576K
}
Event: 2.562 GC heap before
{Heap before GC invocations=4 (full 0):
 PSYoungGen      total 76288K, used 74593K [0x00000000d5580000, 0x00000000dea80000, 0x0000000100000000)
  eden space 65536K, 100% used [0x00000000d5580000,0x00000000d9580000,0x00000000d9580000)
  from space 10752K, 84% used [0x00000000d9580000,0x00000000d9e58770,0x00000000da000000)
  to   space 10752K, 0% used [0x00000000de000000,0x00000000de000000,0x00000000dea80000)
 ParOldGen       total 175104K, used 1777K [0x0000000080000000, 0x000000008ab00000, 0x00000000d5580000)
  object space 175104K, 1% used [0x0000000080000000,0x00000000801bc760,0x000000008ab00000)
 Metaspace       used 15878K, capacity 16320K, committed 16512K, reserved 1062912K
  class space    used 1936K, capacity 2076K, committed 2176K, reserved 1048576K
Event: 2.570 GC heap after
Heap after GC invocations=4 (full 0):
 PSYoungGen      total 141824K, used 9982K [0x00000000d5580000, 0x00000000dea80000, 0x0000000100000000)
  eden space 131072K, 0% used [0x00000000d5580000,0x00000000d5580000,0x00000000dd580000)
  from space 10752K, 92% used [0x00000000de000000,0x00000000de9bfb48,0x00000000dea80000)
  to   space 10752K, 0% used [0x00000000dd580000,0x00000000dd580000,0x00000000de000000)
 ParOldGen       total 175104K, used 1785K [0x0000000080000000, 0x000000008ab00000, 0x00000000d5580000)
  object space 175104K, 1% used [0x0000000080000000,0x00000000801be760,0x000000008ab00000)
 Metaspace       used 15878K, capacity 16320K, committed 16512K, reserved 1062912K
  class space    used 1936K, capacity 2076K, committed 2176K, reserved 1048576K
}
Event: 3.347 GC heap before
{Heap before GC invocations=5 (full 0):
 PSYoungGen      total 141824K, used 69706K [0x00000000d5580000, 0x00000000dea80000, 0x0000000100000000)
  eden space 131072K, 45% used [0x00000000d5580000,0x00000000d8fd2ff0,0x00000000dd580000)
  from space 10752K, 92% used [0x00000000de000000,0x00000000de9bfb48,0x00000000dea80000)
  to   space 10752K, 0% used [0x00000000dd580000,0x00000000dd580000,0x00000000de000000)
 ParOldGen       total 175104K, used 1785K [0x0000000080000000, 0x000000008ab00000, 0x00000000d5580000)
  object space 175104K, 1% used [0x0000000080000000,0x00000000801be760,0x000000008ab00000)
 Metaspace       used 20104K, capacity 21072K, committed 21248K, reserved 1067008K
  class space    used 2485K, capacity 2703K, committed 2816K, reserved 1048576K
Event: 3.359 GC heap after
Heap after GC invocations=5 (full 0):
 PSYoungGen      total 141824K, used 10732K [0x00000000d5580000, 0x00000000dea80000, 0x0000000100000000)
  eden space 131072K, 0% used [0x00000000d5580000,0x00000000d5580000,0x00000000dd580000)
  from space 10752K, 99% used [0x00000000dd580000,0x00000000ddffb260,0x00000000de000000)
  to   space 10752K, 0% used [0x00000000de000000,0x00000000de000000,0x00000000dea80000)
 ParOldGen       total 175104K, used 4681K [0x0000000080000000, 0x000000008ab00000, 0x00000000d5580000)
  object space 175104K, 2% used [0x0000000080000000,0x0000000080492438,0x000000008ab00000)
 Metaspace       used 20104K, capacity 21072K, committed 21248K, reserved 1067008K
  class space    used 2485K, capacity 2703K, committed 2816K, reserved 1048576K
}
Event: 3.359 GC heap before
{Heap before GC invocations=6 (full 1):
 PSYoungGen      total 141824K, used 10732K [0x00000000d5580000, 0x00000000dea80000, 0x0000000100000000)
  eden space 131072K, 0% used [0x00000000d5580000,0x00000000d5580000,0x00000000dd580000)
  from space 10752K, 99% used [0x00000000dd580000,0x00000000ddffb260,0x00000000de000000)
  to   space 10752K, 0% used [0x00000000de000000,0x00000000de000000,0x00000000dea80000)
 ParOldGen       total 175104K, used 4681K [0x0000000080000000, 0x000000008ab00000, 0x00000000d5580000)
  object space 175104K, 2% used [0x0000000080000000,0x0000000080492438,0x000000008ab00000)
 Metaspace       used 20104K, capacity 21072K, committed 21248K, reserved 1067008K
  class space    used 2485K, capacity 2703K, committed 2816K, reserved 1048576K
Event: 3.422 GC heap after
Heap after GC invocations=6 (full 1):
 PSYoungGen      total 141824K, used 0K [0x00000000d5580000, 0x00000000dea80000, 0x0000000100000000)
  eden space 131072K, 0% used [0x00000000d5580000,0x00000000d5580000,0x00000000dd580000)
  from space 10752K, 0% used [0x00000000dd580000,0x00000000dd580000,0x00000000de000000)
  to   space 10752K, 0% used [0x00000000de000000,0x00000000de000000,0x00000000dea80000)
 ParOldGen       total 175104K, used 13965K [0x0000000080000000, 0x000000008ab00000, 0x00000000d5580000)
  object space 175104K, 7% used [0x0000000080000000,0x0000000080da3568,0x000000008ab00000)
 Metaspace       used 20104K, capacity 21072K, committed 21248K, reserved 1067008K
  class space    used 2485K, capacity 2703K, committed 2816K, reserved 1048576K
}
Event: 3.683 GC heap before
{Heap before GC invocations=7 (full 1):
 PSYoungGen      total 141824K, used 131072K [0x00000000d5580000, 0x00000000dea80000, 0x0000000100000000)
  eden space 131072K, 100% used [0x00000000d5580000,0x00000000dd580000,0x00000000dd580000)
  from space 10752K, 0% used [0x00000000dd580000,0x00000000dd580000,0x00000000de000000)
  to   space 10752K, 0% used [0x00000000de000000,0x00000000de000000,0x00000000dea80000)
 ParOldGen       total 175104K, used 13965K [0x0000000080000000, 0x000000008ab00000, 0x00000000d5580000)
  object space 175104K, 7% used [0x0000000080000000,0x0000000080da3568,0x000000008ab00000)
 Metaspace       used 20357K, capacity 21412K, committed 21632K, reserved 1069056K
  class space    used 2531K, capacity 2819K, committed 2944K, reserved 1048576K
Event: 3.686 GC heap after
Heap after GC invocations=7 (full 1):
 PSYoungGen      total 136192K, used 1139K [0x00000000d5580000, 0x00000000e3580000, 0x0000000100000000)
  eden space 125440K, 0% used [0x00000000d5580000,0x00000000d5580000,0x00000000dd000000)
  from space 10752K, 10% used [0x00000000de000000,0x00000000de11cc50,0x00000000dea80000)
  to   space 16384K, 0% used [0x00000000dd000000,0x00000000dd000000,0x00000000de000000)
 ParOldGen       total 175104K, used 13973K [0x0000000080000000, 0x000000008ab00000, 0x00000000d5580000)
  object space 175104K, 7% used [0x0000000080000000,0x0000000080da5568,0x000000008ab00000)
 Metaspace       used 20357K, capacity 21412K, committed 21632K, reserved 1069056K
  class space    used 2531K, capacity 2819K, committed 2944K, reserved 1048576K
}

Deoptimization events (10 events):
Event: 3.028 Thread 0x0000021330820000 Uncommon trap: reason=bimorphic action=maybe_recompile pc=0x00000213199eb0a0 method=java.util.regex.Pattern$BmpCharProperty.match(Ljava/util/regex/Matcher;ILjava/lang/CharSequence;)Z @ 31
Event: 3.050 Thread 0x0000021330820000 Uncommon trap: reason=unstable_if action=reinterpret pc=0x00000213195411f0 method=java.lang.String.lastIndexOf([CII[CIII)I @ 66
Event: 3.340 Thread 0x0000021330820000 Uncommon trap: reason=unstable_if action=reinterpret pc=0x0000021319785df8 method=java.util.concurrent.ConcurrentHashMap.putVal(Ljava/lang/Object;Ljava/lang/Object;Z)Ljava/lang/Object; @ 181
Event: 3.658 Thread 0x000002133354c000 Uncommon trap: reason=unstable_if action=reinterpret pc=0x0000021319807878 method=java.util.TimSort.mergeHi(IIII)V @ 503
Event: 3.748 Thread 0x000002133354c000 Uncommon trap: reason=unstable_if action=reinterpret pc=0x00000213199b4a5c method=org.codehaus.groovy.ast.ClassNode.getUnresolvedSuperClass(Z)Lorg/codehaus/groovy/ast/ClassNode; @ 13
Event: 3.750 Thread 0x000002133354c000 Uncommon trap: reason=bimorphic action=maybe_recompile pc=0x00000213199c3d0c method=org.codehaus.groovy.ast.ClassNode.hashCode()I @ 18
Event: 3.752 Thread 0x000002133354c000 Uncommon trap: reason=bimorphic action=maybe_recompile pc=0x00000213199c3d0c method=org.codehaus.groovy.ast.ClassNode.hashCode()I @ 18
Event: 3.753 Thread 0x000002133354c000 Uncommon trap: reason=bimorphic action=maybe_recompile pc=0x00000213199c3d0c method=org.codehaus.groovy.ast.ClassNode.hashCode()I @ 18
Event: 3.758 Thread 0x000002133354c000 Uncommon trap: reason=bimorphic action=maybe_recompile pc=0x00000213199c3d0c method=org.codehaus.groovy.ast.ClassNode.hashCode()I @ 18
Event: 3.765 Thread 0x000002133354c000 Uncommon trap: reason=unstable_if action=reinterpret pc=0x00000213199720e8 method=org.codehaus.groovy.classgen.Verifier.getCovariantImplementation(Lorg/codehaus/groovy/ast/MethodNode;Lorg/codehaus/groovy/ast/MethodNode;Ljava/util/Map;Z)Lorg/codehaus/groov

Classes redefined (0 events):
No events

Internal exceptions (10 events):
Event: 3.833 Thread 0x000002133354c000 Exception <a 'java/lang/reflect/InvocationTargetException'> (0x00000000d75e1800) thrown at [C:\jenkins\workspace\8-2-build-windows-amd64-cygwin\jdk8u271\605\hotspot\src\share\vm\runtime\reflection.cpp, line 1092]
Event: 3.833 Thread 0x000002133354c000 Exception <a 'java/lang/reflect/InvocationTargetException'> (0x00000000d75e23c0) thrown at [C:\jenkins\workspace\8-2-build-windows-amd64-cygwin\jdk8u271\605\hotspot\src\share\vm\runtime\reflection.cpp, line 1092]
Event: 3.833 Thread 0x000002133354c000 Exception <a 'java/lang/reflect/InvocationTargetException'> (0x00000000d75e2f80) thrown at [C:\jenkins\workspace\8-2-build-windows-amd64-cygwin\jdk8u271\605\hotspot\src\share\vm\runtime\reflection.cpp, line 1092]
Event: 3.834 Thread 0x000002133354c000 Exception <a 'java/lang/ClassNotFoundException': java/lang/NoClassDefFoundErrorBeanInfo> (0x00000000d75ee2f8) thrown at [C:\jenkins\workspace\8-2-build-windows-amd64-cygwin\jdk8u271\605\hotspot\src\share\vm\classfile\systemDictionary.cpp, line 212]
Event: 3.834 Thread 0x000002133354c000 Exception <a 'java/lang/ClassNotFoundException': java/lang/LinkageErrorBeanInfo> (0x00000000d75f0db0) thrown at [C:\jenkins\workspace\8-2-build-windows-amd64-cygwin\jdk8u271\605\hotspot\src\share\vm\classfile\systemDictionary.cpp, line 212]
Event: 3.834 Thread 0x000002133354c000 Exception <a 'java/lang/ClassNotFoundException': java/lang/LinkageErrorCustomizer> (0x00000000d75f38c0) thrown at [C:\jenkins\workspace\8-2-build-windows-amd64-cygwin\jdk8u271\605\hotspot\src\share\vm\classfile\systemDictionary.cpp, line 212]
Event: 3.834 Thread 0x000002133354c000 Exception <a 'java/lang/ClassNotFoundException': java/lang/NoClassDefFoundErrorCustomizer> (0x00000000d75f8e28) thrown at [C:\jenkins\workspace\8-2-build-windows-amd64-cygwin\jdk8u271\605\hotspot\src\share\vm\classfile\systemDictionary.cpp, line 212]
Event: 3.835 Thread 0x000002133354c000 Exception <a 'java/lang/reflect/InvocationTargetException'> (0x00000000d75fe388) thrown at [C:\jenkins\workspace\8-2-build-windows-amd64-cygwin\jdk8u271\605\hotspot\src\share\vm\runtime\reflection.cpp, line 1092]
Event: 3.835 Thread 0x000002133354c000 Exception <a 'java/lang/reflect/InvocationTargetException'> (0x00000000d75feb78) thrown at [C:\jenkins\workspace\8-2-build-windows-amd64-cygwin\jdk8u271\605\hotspot\src\share\vm\runtime\reflection.cpp, line 1092]
Event: 3.835 Thread 0x000002133354c000 Exception <a 'java/lang/reflect/InvocationTargetException'> (0x00000000d75ff380) thrown at [C:\jenkins\workspace\8-2-build-windows-amd64-cygwin\jdk8u271\605\hotspot\src\share\vm\runtime\reflection.cpp, line 1092]

Events (10 events):
Event: 3.834 loading class java/lang/NoClassDefFoundErrorCustomizer
Event: 3.834 loading class java/lang/NoClassDefFoundErrorCustomizer done
Event: 3.835 loading class org/codehaus/groovy/runtime/ArrayUtil
Event: 3.835 loading class org/codehaus/groovy/runtime/ArrayUtil done
Event: 3.836 loading class org/codehaus/groovy/runtime/ArrayUtil
Event: 3.836 loading class org/codehaus/groovy/runtime/ArrayUtil done
Event: 3.838 loading class com/nvuillam/CodeNarcServer$_initialize_closure3$_closure11
Event: 3.838 loading class com/nvuillam/CodeNarcServer$_initialize_closure3$_closure11 done
Event: 3.838 loading class groovy/runtime/metaclass/com/nvuillam/CodeNarcServer$_initialize_closure3$_closure11MetaClass
Event: 3.838 loading class groovy/runtime/metaclass/com/nvuillam/CodeNarcServer$_initialize_closure3$_closure11MetaClass done


Dynamic libraries:
0x00007ff77b150000 - 0x00007ff77b197000 	C:\Program Files\Java\jdk1.8.0_271\bin\java.exe
0x00007ffb53c10000 - 0x00007ffb53e06000 	C:\WINDOWS\SYSTEM32\ntdll.dll
0x00007ffb51d60000 - 0x00007ffb51e1d000 	C:\WINDOWS\System32\KERNEL32.DLL
0x00007ffb516b0000 - 0x00007ffb51979000 	C:\WINDOWS\System32\KERNELBASE.dll
0x00007ffb524a0000 - 0x00007ffb5254c000 	C:\WINDOWS\System32\ADVAPI32.dll
0x00007ffb53b10000 - 0x00007ffb53bae000 	C:\WINDOWS\System32\msvcrt.dll
0x00007ffb53a70000 - 0x00007ffb53b0c000 	C:\WINDOWS\System32\sechost.dll
0x00007ffb522f0000 - 0x00007ffb5241b000 	C:\WINDOWS\System32\RPCRT4.dll
0x00007ffb53770000 - 0x00007ffb53910000 	C:\WINDOWS\System32\USER32.dll
0x00007ffb51380000 - 0x00007ffb513a2000 	C:\WINDOWS\System32\win32u.dll
0x00007ffb53910000 - 0x00007ffb5393a000 	C:\WINDOWS\System32\GDI32.dll
0x00007ffb514a0000 - 0x00007ffb515ab000 	C:\WINDOWS\System32\gdi32full.dll
0x00007ffb51400000 - 0x00007ffb5149d000 	C:\WINDOWS\System32\msvcp_win.dll
0x00007ffb515b0000 - 0x00007ffb516b0000 	C:\WINDOWS\System32\ucrtbase.dll
0x00007ffb41620000 - 0x00007ffb418bb000 	C:\WINDOWS\WinSxS\amd64_microsoft.windows.common-controls_6595b64144ccf1df_6.0.19041.746_none_ca02b4b61b8320a4\COMCTL32.dll
0x00007ffb521e0000 - 0x00007ffb52210000 	C:\WINDOWS\System32\IMM32.DLL
0x00007ffb25f50000 - 0x00007ffb25f65000 	C:\Program Files\Java\jdk1.8.0_271\jre\bin\vcruntime140.dll
0x00007ffae59a0000 - 0x00007ffae5a3b000 	C:\Program Files\Java\jdk1.8.0_271\jre\bin\msvcp140.dll
0x00000000533e0000 - 0x0000000053c4f000 	C:\Program Files\Java\jdk1.8.0_271\jre\bin\server\jvm.dll
0x00007ffb52490000 - 0x00007ffb52498000 	C:\WINDOWS\System32\PSAPI.DLL
0x00007ffb3aaa0000 - 0x00007ffb3aaa9000 	C:\WINDOWS\SYSTEM32\WSOCK32.dll
0x00007ffb41a70000 - 0x00007ffb41a97000 	C:\WINDOWS\SYSTEM32\WINMM.dll
0x00007ffb49df0000 - 0x00007ffb49dfa000 	C:\WINDOWS\SYSTEM32\VERSION.dll
0x00007ffb53700000 - 0x00007ffb5376b000 	C:\WINDOWS\System32\WS2_32.dll
0x00007ffb4fbe0000 - 0x00007ffb4fbf2000 	C:\WINDOWS\SYSTEM32\kernel.appcore.dll
0x00007ffb38ac0000 - 0x00007ffb38ad0000 	C:\Program Files\Java\jdk1.8.0_271\jre\bin\verify.dll
0x00007ffb1d530000 - 0x00007ffb1d55b000 	C:\Program Files\Java\jdk1.8.0_271\jre\bin\java.dll
0x00007ffb22d40000 - 0x00007ffb22d58000 	C:\Program Files\Java\jdk1.8.0_271\jre\bin\zip.dll
0x00007ffb52550000 - 0x00007ffb52c92000 	C:\WINDOWS\System32\SHELL32.dll
0x00007ffb4f0a0000 - 0x00007ffb4f830000 	C:\WINDOWS\SYSTEM32\windows.storage.dll
0x00007ffb51e20000 - 0x00007ffb52176000 	C:\WINDOWS\System32\combase.dll
0x00007ffb50db0000 - 0x00007ffb50ddc000 	C:\WINDOWS\SYSTEM32\Wldp.dll
0x00007ffb52ca0000 - 0x00007ffb52d4e000 	C:\WINDOWS\System32\SHCORE.dll
0x00007ffb52180000 - 0x00007ffb521d5000 	C:\WINDOWS\System32\shlwapi.dll
0x00007ffb51280000 - 0x00007ffb512a6000 	C:\WINDOWS\SYSTEM32\profapi.dll
0x00007ffb20430000 - 0x00007ffb2044c000 	C:\Program Files\Java\jdk1.8.0_271\jre\bin\net.dll
0x00007ffb50b10000 - 0x00007ffb50b7a000 	C:\WINDOWS\system32\mswsock.dll
0x00007ffb158b0000 - 0x00007ffb158c3000 	C:\Program Files\Java\jdk1.8.0_271\jre\bin\nio.dll
0x00007ffb50d10000 - 0x00007ffb50d28000 	C:\WINDOWS\SYSTEM32\CRYPTSP.dll
0x00007ffb50420000 - 0x00007ffb50454000 	C:\WINDOWS\system32\rsaenh.dll
0x00007ffb51350000 - 0x00007ffb51377000 	C:\WINDOWS\System32\bcrypt.dll
0x00007ffb51240000 - 0x00007ffb5126e000 	C:\WINDOWS\SYSTEM32\USERENV.dll
0x00007ffb51b90000 - 0x00007ffb51c10000 	C:\WINDOWS\System32\bcryptprimitives.dll
0x00007ffb50d00000 - 0x00007ffb50d0c000 	C:\WINDOWS\SYSTEM32\CRYPTBASE.dll
0x00007ffb507a0000 - 0x00007ffb507db000 	C:\WINDOWS\SYSTEM32\IPHLPAPI.DLL
0x00007ffb52210000 - 0x00007ffb52218000 	C:\WINDOWS\System32\NSI.dll
0x00007ffb4a6b0000 - 0x00007ffb4a6c7000 	C:\WINDOWS\SYSTEM32\dhcpcsvc6.DLL
0x00007ffb4a690000 - 0x00007ffb4a6ad000 	C:\WINDOWS\SYSTEM32\dhcpcsvc.DLL
0x00007ffb507f0000 - 0x00007ffb508bb000 	C:\WINDOWS\SYSTEM32\DNSAPI.dll
0x00007ffb46520000 - 0x00007ffb4652a000 	C:\Windows\System32\rasadhlp.dll
0x00007ffb460a0000 - 0x00007ffb4611f000 	C:\WINDOWS\System32\fwpuclnt.dll
0x00007ffb24610000 - 0x00007ffb2461d000 	C:\Program Files\Java\jdk1.8.0_271\jre\bin\management.dll
0x00007ffb32280000 - 0x00007ffb32297000 	C:\WINDOWS\system32\napinsp.dll
0x00007ffb32240000 - 0x00007ffb3225b000 	C:\WINDOWS\system32\pnrpnsp.dll
0x00007ffb30f80000 - 0x00007ffb30f95000 	C:\WINDOWS\system32\wshbth.dll
0x00007ffb4cd30000 - 0x00007ffb4cd4d000 	C:\WINDOWS\system32\NLAapi.dll
0x00007ffb30df0000 - 0x00007ffb30e02000 	C:\WINDOWS\System32\winrnr.dll
0x00007ffb4f900000 - 0x00007ffb4fae4000 	C:\WINDOWS\SYSTEM32\dbghelp.dll

VM Arguments:
jvm_args: -Xms256m -Xmx2048m 
java_command: com.nvuillam.CodeNarcServer --server
java_class_path (initial): c:\Users\roshe\.vscode\extensions\nicolasvuillamy.vscode-groovy-lint-1.4.0\server\node_modules\npm-groovy-lint\lib\java\CodeNarcServer.jar;c:\Users\roshe\.vscode\extensions\nicolasvuillamy.vscode-groovy-lint-1.4.0\server\node_modules\npm-groovy-lint\lib\java\CodeNarc-2.0.0.jar;c:\Users\roshe\.vscode\extensions\nicolasvuillamy.vscode-groovy-lint-1.4.0\server\node_modules\npm-groovy-lint\lib\java\CodeNarcServer.jar;c:\Users\roshe\.vscode\extensions\nicolasvuillamy.vscode-groovy-lint-1.4.0\server\node_modules\npm-groovy-lint\lib\java\gmetrics-1.1.jar;c:\Users\roshe\.vscode\extensions\nicolasvuillamy.vscode-groovy-lint-1.4.0\server\node_modules\npm-groovy-lint\lib\java\log4j-api-2.13.0.jar;c:\Users\roshe\.vscode\extensions\nicolasvuillamy.vscode-groovy-lint-1.4.0\server\node_modules\npm-groovy-lint\lib\java\log4j-core-2.13.0.jar;c:\Users\roshe\.vscode\extensions\nicolasvuillamy.vscode-groovy-lint-1.4.0\server\node_modules\npm-groovy-lint\lib\java\log4j-slf4j-impl-2.13.0.jar;c:\Users\roshe\.vscode\extensions\nicolasvuillamy.vscode-groovy-lint-1.4.0\server\node_modules\npm-groovy-lint\lib\java\slf4j-api-1.7.9.jar
Launcher Type: SUN_STANDARD

Environment Variables:
JAVA_HOME=C:\Program Files\Java\jdk1.8.0_271
PATH=C:\Windows\system32;C:\Windows;C:\Windows\System32\Wbem;C:\Windows\System32\WindowsPowerShell\v1.0\;C:\Windows\System32\OpenSSH\;C:\Program Files (x86)\NVIDIA Corporation\PhysX\Common;C:\Program Files\NVIDIA Corporation\NVIDIA NvDLISR;C:\WINDOWS\system32;C:\WINDOWS;C:\WINDOWS\System32\Wbem;C:\WINDOWS\System32\WindowsPowerShell\v1.0\;C:\WINDOWS\System32\OpenSSH\;C:\Program Files\Git\cmd;C:\Program Files\Git\mingw64\bin;C:\Program Files\Git\usr\bin;C:\Program Files\Docker\Docker\resources\bin;C:\ProgramData\DockerDesktop\version-bin;C:\Program Files\Java\jdk1.8.0_271\bin;C:\Program Files\Java\jdk1.8.0_271\bin;D:\Software\jdk-11.0.10\bin;D:\Software\sonar-scanner-4.6.0.2311-windows\bin;C:\Program Files\Amazon\AWSCLIV2\;C:\Program Files\MySQL\MySQL Shell 8.0\bin\;C:\Users\roshe\AppData\Local\Microsoft\WindowsApps;C:\Users\roshe\AppData\Local\Programs\Microsoft VS Code\bin;C:\Users\roshe\AppData\Local\Programs\Python\Python39;C:\Users\roshe\AppData\Local\Programs\Python\Python39\Scripts;C:\Program Files\Java\jdk1.8.0_271\bin;C:\Program Files\apache-maven-3.6.3\bin;
USERNAME=roshe
OS=Windows_NT
PROCESSOR_IDENTIFIER=Intel64 Family 6 Model 165 Stepping 2, GenuineIntel



---------------  S Y S T E M  ---------------

OS: Windows 10.0 , 64 bit Build 19041 (10.0.19041.804)

CPU:total 12 (initial active 12) (6 cores per cpu, 2 threads per core) family 6 model 165 stepping 2, cmov, cx8, fxsr, mmx, sse, sse2, sse3, ssse3, sse4.1, sse4.2, popcnt, avx, avx2, aes, clmul, erms, 3dnowpref, lzcnt, ht, tsc, tscinvbit, bmi1, bmi2, adx

Memory: 4k page, physical 8253684k(539936k free), swap 17166580k(4144k free)

vm_info: Java HotSpot(TM) 64-Bit Server VM (25.271-b09) for windows-amd64 JRE (1.8.0_271-b09), built on Sep 16 2020 19:14:59 by "" with MS VC++ 15.9 (VS2017)

time: Fri Feb 26 12:54:37 2021
timezone: India Standard Time
elapsed time: 4.056976 seconds (0d 0h 0m 4s)

